[10:15:51] Using gulpfile /home/Documents/Jekyll/vacsf.org.mm/gulpfile.js
[10:15:51] Starting 'build'...
[10:15:51] Starting 'clean'...
[10:15:51] Starting 'clean:assets'...
[10:15:51] Starting 'clean:gzip'...
[10:15:51] Starting 'clean:dist'...
[10:15:51] Starting 'clean:site'...
[10:15:51] Finished 'clean:gzip' after 212 ms
[10:15:52] Finished 'clean:site' after 467 ms
[10:15:52] Finished 'clean:assets' after 467 ms
[10:15:52] Finished 'clean:dist' after 467 ms
[10:15:52] Finished 'clean' after 468 ms
[10:15:52] Starting 'assets'...
[10:15:52] Starting 'styles'...
[10:15:52] Starting 'scripts'...
[10:15:52] Starting 'fonts'...
[10:15:52] index.js 143.51 kB
[10:15:52] Finished 'scripts' after 72 ms
[10:15:52] fonts all files 1.98 MB
[10:15:52] Finished 'fonts' after 81 ms
[10:15:52] style.css 103.4 kB
[10:15:52] Finished 'styles' after 374 ms
[10:15:52] Starting 'images'...
[10:15:52] gulp-imagemin: Minified 0 images
[10:15:52] Finished 'images' after 135 ms
[10:15:52] Starting 'images:feature'...
[10:15:52] gulp-imagemin: Minified 0 images
[10:15:52] gulp-imagemin: Minified 0 images
[10:15:52] gulp-imagemin: Minified 0 images
[10:15:52] gulp-imagemin: Minified 0 images
[10:15:52] gulp-imagemin: Minified 0 images
[10:15:52] gulp-imagemin: Minified 0 images
[10:15:52] Finished 'images:feature' after 119 ms
[10:15:52] Starting 'copy:assets'...
[10:15:53] Finished 'copy:assets' after 168 ms
[10:15:53] Finished 'assets' after 797 ms
[10:15:53] Starting 'build:site'...
[10:15:53] Starting 'site:tmp'...
[10:15:53] Jekyll all files 2.86 MB
[10:15:53] Finished 'site:tmp' after 164 ms
[10:15:53] Starting 'inject'...
[10:15:53] Starting 'inject:css'...
[10:15:53] Starting 'inject:scripts'...
[10:15:53] gulp-inject 2 files into loadcss.html.
[10:15:53] gulp-inject 1 files into scripts.html.
[10:15:53] Finished 'inject:scripts' after 14 ms
[10:15:53] Finished 'inject:css' after 14 ms
[10:15:53] Finished 'inject' after 14 ms
[10:15:53] Starting 'site'...
Configuration file: _config.yml
Configuration file: _config.dev.yml
            Source: .tmp/src
       Destination: .tmp/dist
 Incremental build: enabled
      Generating... 
[33m       Deprecation: A call to '{% post_url 2015-05-19-Ga-la-ti-Chuong-02 %}' did not match a post using the new matching method of checking name (path-date-slug) equality. Please make sure that you change this tag to match the post's name exactly.[0m
[33m       Deprecation: A call to '{% post_url 2015-05-18-Ga-la-ti-Chuong-03 %}' did not match a post using the new matching method of checking name (path-date-slug) equality. Please make sure that you change this tag to match the post's name exactly.[0m
[33m       Deprecation: A call to '{% post_url 2015-05-17-Ga-la-ti-Chuong-04 %}' did not match a post using the new matching method of checking name (path-date-slug) equality. Please make sure that you change this tag to match the post's name exactly.[0m
[33m       Deprecation: A call to '{% post_url 2015-05-16-Ga-la-ti-Chuong-05 %}' did not match a post using the new matching method of checking name (path-date-slug) equality. Please make sure that you change this tag to match the post's name exactly.[0m
[33m       Deprecation: A call to '{% post_url 2015-05-15-Ga-la-ti-Chuong-06 %}' did not match a post using the new matching method of checking name (path-date-slug) equality. Please make sure that you change this tag to match the post's name exactly.[0m
[33m       Deprecation: A call to '{% post_url bible-studies-Viet/Galatians/2015-05-20-Galatians-Chapter-01 %}' did not match a post using the new matching method of checking name (path-date-slug) equality. Please make sure that you change this tag to match the post's name exactly.[0m
[33m       Deprecation: A call to '{% post_url 2015-05-19-Galatians-Chapter-02 %}' did not match a post using the new matching method of checking name (path-date-slug) equality. Please make sure that you change this tag to match the post's name exactly.[0m
[33m       Deprecation: A call to '{% post_url 2015-05-18-Galatians-Chapter-03 %}' did not match a post using the new matching method of checking name (path-date-slug) equality. Please make sure that you change this tag to match the post's name exactly.[0m
[33m       Deprecation: A call to '{% post_url 2015-05-17-Galatians-Chapter-04 %}' did not match a post using the new matching method of checking name (path-date-slug) equality. Please make sure that you change this tag to match the post's name exactly.[0m
[33m       Deprecation: A call to '{% post_url 2015-05-16-Galatians-Chapter-05 %}' did not match a post using the new matching method of checking name (path-date-slug) equality. Please make sure that you change this tag to match the post's name exactly.[0m
[33m       Deprecation: A call to '{% post_url 2015-05-15-Galatians-Chapter-06 %}' did not match a post using the new matching method of checking name (path-date-slug) equality. Please make sure that you change this tag to match the post's name exactly.[0m
[33m       Deprecation: A call to '{% post_url 2015-05-20-Ro-ma-Chuong-01 %}' did not match a post using the new matching method of checking name (path-date-slug) equality. Please make sure that you change this tag to match the post's name exactly.[0m
[33m       Deprecation: A call to '{% post_url 2015-05-19-Ro-ma-Chuong-02 %}' did not match a post using the new matching method of checking name (path-date-slug) equality. Please make sure that you change this tag to match the post's name exactly.[0m
[33m       Deprecation: A call to '{% post_url 2015-05-18-Ro-ma-Chuong-03 %}' did not match a post using the new matching method of checking name (path-date-slug) equality. Please make sure that you change this tag to match the post's name exactly.[0m
[33m       Deprecation: A call to '{% post_url 2015-05-17-Ro-ma-Chuong-04 %}' did not match a post using the new matching method of checking name (path-date-slug) equality. Please make sure that you change this tag to match the post's name exactly.[0m
[33m       Deprecation: A call to '{% post_url 2015-05-16-Ro-ma-Chuong-05 %}' did not match a post using the new matching method of checking name (path-date-slug) equality. Please make sure that you change this tag to match the post's name exactly.[0m
[33m       Deprecation: A call to '{% post_url 2015-05-15-Ro-ma-Chuong-06 %}' did not match a post using the new matching method of checking name (path-date-slug) equality. Please make sure that you change this tag to match the post's name exactly.[0m
[33m       Deprecation: A call to '{% post_url 2015-05-14-Ro-ma-Chuong-07 %}' did not match a post using the new matching method of checking name (path-date-slug) equality. Please make sure that you change this tag to match the post's name exactly.[0m
[33m       Deprecation: A call to '{% post_url 2015-05-13-Ro-ma-Chuong-08 %}' did not match a post using the new matching method of checking name (path-date-slug) equality. Please make sure that you change this tag to match the post's name exactly.[0m
[33m       Deprecation: A call to '{% post_url 2015-05-12-Ro-ma-Chuong-09 %}' did not match a post using the new matching method of checking name (path-date-slug) equality. Please make sure that you change this tag to match the post's name exactly.[0m
[33m       Deprecation: A call to '{% post_url 2015-05-11-Ro-ma-Chuong-10 %}' did not match a post using the new matching method of checking name (path-date-slug) equality. Please make sure that you change this tag to match the post's name exactly.[0m
[33m       Deprecation: A call to '{% post_url 2015-05-10-Ro-ma-Chuong-11 %}' did not match a post using the new matching method of checking name (path-date-slug) equality. Please make sure that you change this tag to match the post's name exactly.[0m
[33m       Deprecation: A call to '{% post_url 2015-01-17-Ro-ma %}' did not match a post using the new matching method of checking name (path-date-slug) equality. Please make sure that you change this tag to match the post's name exactly.[0m
[33m       Deprecation: A call to '{% post_url 2015-05-20-Romans-Chapter-01 %}' did not match a post using the new matching method of checking name (path-date-slug) equality. Please make sure that you change this tag to match the post's name exactly.[0m
[33m       Deprecation: A call to '{% post_url 2015-05-19-Romans-Chapter-02 %}' did not match a post using the new matching method of checking name (path-date-slug) equality. Please make sure that you change this tag to match the post's name exactly.[0m
[33m       Deprecation: A call to '{% post_url 2015-05-18-Romans-Chapter-03 %}' did not match a post using the new matching method of checking name (path-date-slug) equality. Please make sure that you change this tag to match the post's name exactly.[0m
[33m       Deprecation: A call to '{% post_url 2015-05-17-Romans-Chapter-04 %}' did not match a post using the new matching method of checking name (path-date-slug) equality. Please make sure that you change this tag to match the post's name exactly.[0m
[33m       Deprecation: A call to '{% post_url 2015-05-16-Romans-Chapter-05 %}' did not match a post using the new matching method of checking name (path-date-slug) equality. Please make sure that you change this tag to match the post's name exactly.[0m
[33m       Deprecation: A call to '{% post_url 2015-05-15-Romans-Chapter-06 %}' did not match a post using the new matching method of checking name (path-date-slug) equality. Please make sure that you change this tag to match the post's name exactly.[0m
[33m       Deprecation: A call to '{% post_url 2015-05-14-Romans-Chapter-07 %}' did not match a post using the new matching method of checking name (path-date-slug) equality. Please make sure that you change this tag to match the post's name exactly.[0m
[33m       Deprecation: A call to '{% post_url 2015-05-13-Romans-Chapter-08 %}' did not match a post using the new matching method of checking name (path-date-slug) equality. Please make sure that you change this tag to match the post's name exactly.[0m
[33m       Deprecation: A call to '{% post_url 2015-05-12-Romans-Chapter-09 %}' did not match a post using the new matching method of checking name (path-date-slug) equality. Please make sure that you change this tag to match the post's name exactly.[0m
[33m       Deprecation: A call to '{% post_url 2015-05-11-Romans-Chapter-10 %}' did not match a post using the new matching method of checking name (path-date-slug) equality. Please make sure that you change this tag to match the post's name exactly.[0m
[33m       Deprecation: A call to '{% post_url 2015-05-10-Romans-Chapter-11 %}' did not match a post using the new matching method of checking name (path-date-slug) equality. Please make sure that you change this tag to match the post's name exactly.[0m
[33m       Deprecation: A call to '{% post_url 2015-05-10-Ro-ma-Chuong-11 %}' did not match a post using the new matching method of checking name (path-date-slug) equality. Please make sure that you change this tag to match the post's name exactly.[0m
[33m       Deprecation: A call to '{% post_url 2015-05-11-Ro-ma-Chuong-10 %}' did not match a post using the new matching method of checking name (path-date-slug) equality. Please make sure that you change this tag to match the post's name exactly.[0m
[33m       Deprecation: A call to '{% post_url 2015-05-12-Ro-ma-Chuong-09 %}' did not match a post using the new matching method of checking name (path-date-slug) equality. Please make sure that you change this tag to match the post's name exactly.[0m
[33m       Deprecation: A call to '{% post_url 2015-05-13-Ro-ma-Chuong-08 %}' did not match a post using the new matching method of checking name (path-date-slug) equality. Please make sure that you change this tag to match the post's name exactly.[0m
[33m       Deprecation: A call to '{% post_url 2015-05-14-Ro-ma-Chuong-07 %}' did not match a post using the new matching method of checking name (path-date-slug) equality. Please make sure that you change this tag to match the post's name exactly.[0m
[33m       Deprecation: A call to '{% post_url 2015-05-15-Ga-la-ti-Chuong-06 %}' did not match a post using the new matching method of checking name (path-date-slug) equality. Please make sure that you change this tag to match the post's name exactly.[0m
[33m       Deprecation: A call to '{% post_url 2015-05-15-Ro-ma-Chuong-06 %}' did not match a post using the new matching method of checking name (path-date-slug) equality. Please make sure that you change this tag to match the post's name exactly.[0m
[33m       Deprecation: A call to '{% post_url 2015-05-16-Ga-la-ti-Chuong-05 %}' did not match a post using the new matching method of checking name (path-date-slug) equality. Please make sure that you change this tag to match the post's name exactly.[0m
[33m       Deprecation: A call to '{% post_url 2015-05-16-Ro-ma-Chuong-05 %}' did not match a post using the new matching method of checking name (path-date-slug) equality. Please make sure that you change this tag to match the post's name exactly.[0m
[33m       Deprecation: A call to '{% post_url 2015-05-17-Luoi-Ca %}' did not match a post using the new matching method of checking name (path-date-slug) equality. Please make sure that you change this tag to match the post's name exactly.[0m
[33m       Deprecation: A call to '{% post_url 2015-05-17-Ga-la-ti-Chuong-04 %}' did not match a post using the new matching method of checking name (path-date-slug) equality. Please make sure that you change this tag to match the post's name exactly.[0m
[33m       Deprecation: A call to '{% post_url 2015-05-17-Luoi-Ca %}' did not match a post using the new matching method of checking name (path-date-slug) equality. Please make sure that you change this tag to match the post's name exactly.[0m
[33m       Deprecation: A call to '{% post_url 2015-05-17-Ro-ma-Chuong-04 %}' did not match a post using the new matching method of checking name (path-date-slug) equality. Please make sure that you change this tag to match the post's name exactly.[0m
[33m       Deprecation: A call to '{% post_url 2015-05-18-Ta-Lang %}' did not match a post using the new matching method of checking name (path-date-slug) equality. Please make sure that you change this tag to match the post's name exactly.[0m
[33m       Deprecation: A call to '{% post_url 2015-05-18-Ga-la-ti-Chuong-03 %}' did not match a post using the new matching method of checking name (path-date-slug) equality. Please make sure that you change this tag to match the post's name exactly.[0m
[33m       Deprecation: A call to '{% post_url 2015-05-18-Ta-Lang %}' did not match a post using the new matching method of checking name (path-date-slug) equality. Please make sure that you change this tag to match the post's name exactly.[0m
[33m       Deprecation: A call to '{% post_url 2015-05-18-Ro-ma-Chuong-03 %}' did not match a post using the new matching method of checking name (path-date-slug) equality. Please make sure that you change this tag to match the post's name exactly.[0m
[33m       Deprecation: A call to '{% post_url 2015-05-19-Quan-Gia %}' did not match a post using the new matching method of checking name (path-date-slug) equality. Please make sure that you change this tag to match the post's name exactly.[0m
[33m       Deprecation: A call to '{% post_url 2015-05-19-Ga-la-ti-Chuong-02 %}' did not match a post using the new matching method of checking name (path-date-slug) equality. Please make sure that you change this tag to match the post's name exactly.[0m
[33m       Deprecation: A call to '{% post_url 2015-05-19-Quan-Gia %}' did not match a post using the new matching method of checking name (path-date-slug) equality. Please make sure that you change this tag to match the post's name exactly.[0m
[33m       Deprecation: A call to '{% post_url 2015-05-19-Ro-ma-Chuong-02 %}' did not match a post using the new matching method of checking name (path-date-slug) equality. Please make sure that you change this tag to match the post's name exactly.[0m
[33m       Deprecation: A call to '{% post_url 2015-05-20-Nguoi-Gieo-Giong %}' did not match a post using the new matching method of checking name (path-date-slug) equality. Please make sure that you change this tag to match the post's name exactly.[0m
[33m       Deprecation: A call to '{% post_url 2015-05-20-Nguoi-Gieo-Giong %}' did not match a post using the new matching method of checking name (path-date-slug) equality. Please make sure that you change this tag to match the post's name exactly.[0m
[33m       Deprecation: A call to '{% post_url 2015-05-20-Ro-ma-Chuong-01 %}' did not match a post using the new matching method of checking name (path-date-slug) equality. Please make sure that you change this tag to match the post's name exactly.[0m
[33m       Deprecation: A call to '{% post_url 2016-11-25-Justification-by-faith-works %}' did not match a post using the new matching method of checking name (path-date-slug) equality. Please make sure that you change this tag to match the post's name exactly.[0m
[33m       Deprecation: A call to '{% post_url 2015-10-19-Phan-thuong-tren-troi %}' did not match a post using the new matching method of checking name (path-date-slug) equality. Please make sure that you change this tag to match the post's name exactly.[0m
[33m       Deprecation: A call to '{% post_url 2015-11-19-Lam-Buon-Thanh-Linh %}' did not match a post using the new matching method of checking name (path-date-slug) equality. Please make sure that you change this tag to match the post's name exactly.[0m
[33m       Deprecation: A call to '{% post_url 2015-11-30-Quan-Kham-Sai %}' did not match a post using the new matching method of checking name (path-date-slug) equality. Please make sure that you change this tag to match the post's name exactly.[0m
[33m       Deprecation: A call to '{% post_url 2016-01-19-Lam-chet-cac-viec-cua-chi-the %}' did not match a post using the new matching method of checking name (path-date-slug) equality. Please make sure that you change this tag to match the post's name exactly.[0m
[33m       Deprecation: A call to '{% post_url 2016-02-01-Quyen-nang-an-dien %}' did not match a post using the new matching method of checking name (path-date-slug) equality. Please make sure that you change this tag to match the post's name exactly.[0m
[33m       Deprecation: A call to '{% post_url 2016-02-15-Co-y-pham-toi %}' did not match a post using the new matching method of checking name (path-date-slug) equality. Please make sure that you change this tag to match the post's name exactly.[0m
[33m       Deprecation: A call to '{% post_url 2016-02-28-Chiu-kho-voi-Chua %}' did not match a post using the new matching method of checking name (path-date-slug) equality. Please make sure that you change this tag to match the post's name exactly.[0m
[33m       Deprecation: A call to '{% post_url 2016-03-06-Trat-phan-an-dien %}' did not match a post using the new matching method of checking name (path-date-slug) equality. Please make sure that you change this tag to match the post's name exactly.[0m
[33m       Deprecation: A call to '{% post_url 2016-03-21-Lam-dung-an-dien %}' did not match a post using the new matching method of checking name (path-date-slug) equality. Please make sure that you change this tag to match the post's name exactly.[0m
[33m       Deprecation: A call to '{% post_url 2016-04-16-Loi-Cau-Nguyen-cua-Abraham %}' did not match a post using the new matching method of checking name (path-date-slug) equality. Please make sure that you change this tag to match the post's name exactly.[0m
[33m       Deprecation: A call to '{% post_url 2016-04-17-Hau-Viec-Chua %}' did not match a post using the new matching method of checking name (path-date-slug) equality. Please make sure that you change this tag to match the post's name exactly.[0m
[33m       Deprecation: A call to '{% post_url 2016-04-18-Yeu-Chua %}' did not match a post using the new matching method of checking name (path-date-slug) equality. Please make sure that you change this tag to match the post's name exactly.[0m
[33m       Deprecation: A call to '{% post_url 2016-04-20-O-Trong-Toi-Loi %}' did not match a post using the new matching method of checking name (path-date-slug) equality. Please make sure that you change this tag to match the post's name exactly.[0m
[33m       Deprecation: A call to '{% post_url 2016-07-22-Dau-Phuc-Chua %}' did not match a post using the new matching method of checking name (path-date-slug) equality. Please make sure that you change this tag to match the post's name exactly.[0m
[33m       Deprecation: A call to '{% post_url 2016-08-08-Chong-tra-toi-loi %}' did not match a post using the new matching method of checking name (path-date-slug) equality. Please make sure that you change this tag to match the post's name exactly.[0m
[33m       Deprecation: A call to '{% post_url 2016-10-26-Dung-lam-theo-doi-nay %}' did not match a post using the new matching method of checking name (path-date-slug) equality. Please make sure that you change this tag to match the post's name exactly.[0m
[33m       Deprecation: A call to '{% post_url 2016-11-01-Xuat-E-gyp-to-19-4-25 %}' did not match a post using the new matching method of checking name (path-date-slug) equality. Please make sure that you change this tag to match the post's name exactly.[0m
[33m       Deprecation: A call to '{% post_url 2016-11-13-Theo-guong-Gie-su %}' did not match a post using the new matching method of checking name (path-date-slug) equality. Please make sure that you change this tag to match the post's name exactly.[0m
[33m       Deprecation: A call to '{% post_url 2016-11-22-luat-phap-cua-Dang-Christ %}' did not match a post using the new matching method of checking name (path-date-slug) equality. Please make sure that you change this tag to match the post's name exactly.[0m
[33m       Deprecation: A call to '{% post_url 2016-11-13-Theo-guong-Gie-su %}' did not match a post using the new matching method of checking name (path-date-slug) equality. Please make sure that you change this tag to match the post's name exactly.[0m
[33m       Deprecation: A call to '{% post_url 2016-11-25-Xung-cong-binh-boi-duc-tin-va-viec-lam %}' did not match a post using the new matching method of checking name (path-date-slug) equality. Please make sure that you change this tag to match the post's name exactly.[0m
[33m       Deprecation: A call to '{% post_url 2016-11-13-Immitation-of-Christ %}' did not match a post using the new matching method of checking name (path-date-slug) equality. Please make sure that you change this tag to match the post's name exactly.[0m
[33m       Deprecation: A call to '{% post_url 2016-12-20-Duong-Hep %}' did not match a post using the new matching method of checking name (path-date-slug) equality. Please make sure that you change this tag to match the post's name exactly.[0m
[33m       Deprecation: A call to '{% post_url 2016-11-01-Exodus-19-04-25 %}' did not match a post using the new matching method of checking name (path-date-slug) equality. Please make sure that you change this tag to match the post's name exactly.[0m
[33m       Deprecation: A call to '{% post_url 2016-12-29-Su-vang-loi %}' did not match a post using the new matching method of checking name (path-date-slug) equality. Please make sure that you change this tag to match the post's name exactly.[0m
[33m       Deprecation: A call to '{% post_url 2017-01-04-Y-Chua %}' did not match a post using the new matching method of checking name (path-date-slug) equality. Please make sure that you change this tag to match the post's name exactly.[0m
[33m       Deprecation: A call to '{% post_url 2016-12-29-Su-vang-loi %}' did not match a post using the new matching method of checking name (path-date-slug) equality. Please make sure that you change this tag to match the post's name exactly.[0m
[33m       Deprecation: A call to '{% post_url 2017-02-09-Ngu-Ngon-Muoi-Nguoi-Nu-Dong-Trinh %}' did not match a post using the new matching method of checking name (path-date-slug) equality. Please make sure that you change this tag to match the post's name exactly.[0m
[33m       Deprecation: A call to '{% post_url 2016-12-29-Su-vang-loi %}' did not match a post using the new matching method of checking name (path-date-slug) equality. Please make sure that you change this tag to match the post's name exactly.[0m
[33m       Deprecation: A call to '{% post_url 2017-02-18-Tiec-Thanh %}' did not match a post using the new matching method of checking name (path-date-slug) equality. Please make sure that you change this tag to match the post's name exactly.[0m
[33m       Deprecation: A call to '{% post_url 2017-04-05-Hieu-Biet-Su-Tha-Thu %}' did not match a post using the new matching method of checking name (path-date-slug) equality. Please make sure that you change this tag to match the post's name exactly.[0m
[33m       Deprecation: A call to '{% post_url 2017-04-20-Dieu-Dang-Quan-Tam-Hon %}' did not match a post using the new matching method of checking name (path-date-slug) equality. Please make sure that you change this tag to match the post's name exactly.[0m
[33m       Deprecation: A call to '{% post_url 2017-05-11-Khi-Duoc-Chua-Giai-Thoat %}' did not match a post using the new matching method of checking name (path-date-slug) equality. Please make sure that you change this tag to match the post's name exactly.[0m
[33m       Deprecation: A call to '{% post_url 2016-12-29-Su-vang-loi %}' did not match a post using the new matching method of checking name (path-date-slug) equality. Please make sure that you change this tag to match the post's name exactly.[0m
[33m       Deprecation: A call to '{% post_url 2017-06-08-E-phe-so-2-1 %}' did not match a post using the new matching method of checking name (path-date-slug) equality. Please make sure that you change this tag to match the post's name exactly.[0m
[33m       Deprecation: A call to '{% post_url 2017-06-10-The-Godspel-Freer-More-Sanctifying-Viet %}' did not match a post using the new matching method of checking name (path-date-slug) equality. Please make sure that you change this tag to match the post's name exactly.[0m
[33m       Deprecation: A call to '{% post_url 2017-08-15-Entering-Gods-Rest-Viet %}' did not match a post using the new matching method of checking name (path-date-slug) equality. Please make sure that you change this tag to match the post's name exactly.[0m
[33m       Deprecation: A call to '{% post_url 2017-08-24-Putting-Off-Of-The-Body-Of-The-Flesh-Viet %}' did not match a post using the new matching method of checking name (path-date-slug) equality. Please make sure that you change this tag to match the post's name exactly.[0m
[33m       Deprecation: A call to '{% post_url 2017-09-14-Self-Denial-Cross-Follow-Jesus-Viet %}' did not match a post using the new matching method of checking name (path-date-slug) equality. Please make sure that you change this tag to match the post's name exactly.[0m
[33m       Deprecation: A call to '{% post_url 2017-09-21-Repentance-From-Dead-Works-Viet %}' did not match a post using the new matching method of checking name (path-date-slug) equality. Please make sure that you change this tag to match the post's name exactly.[0m
[33m       Deprecation: A call to '{% post_url 2017-10-12-Work-Out-Your-Own-Salvation-Viet %}' did not match a post using the new matching method of checking name (path-date-slug) equality. Please make sure that you change this tag to match the post's name exactly.[0m
[33m       Deprecation: A call to '{% post_url 2017-11-05-What-Is-Good-Viet %}' did not match a post using the new matching method of checking name (path-date-slug) equality. Please make sure that you change this tag to match the post's name exactly.[0m
[33m       Deprecation: A call to '{% post_url 2017-10-12-Work-Out-Your-Own-Salvation-Viet %}' did not match a post using the new matching method of checking name (path-date-slug) equality. Please make sure that you change this tag to match the post's name exactly.[0m
[33m       Deprecation: A call to '{% post_url 2018-05-08-The-Old-and-the-New-Viet %}' did not match a post using the new matching method of checking name (path-date-slug) equality. Please make sure that you change this tag to match the post's name exactly.[0m
[33m       Deprecation: A call to '{% post_url 2018-05-08-The-Old-and-the-New-Viet %}' did not match a post using the new matching method of checking name (path-date-slug) equality. Please make sure that you change this tag to match the post's name exactly.[0m
[33m       Deprecation: A call to '{% post_url 2017-02-09-Ngu-Ngon-Muoi-Nguoi-Nu-Dong-Trinh %}' did not match a post using the new matching method of checking name (path-date-slug) equality. Please make sure that you change this tag to match the post's name exactly.[0m
[33m       Deprecation: A call to '{% post_url 2017-02-09-Ngu-Ngon-Muoi-Nguoi-Nu-Dong-Trinh %}' did not match a post using the new matching method of checking name (path-date-slug) equality. Please make sure that you change this tag to match the post's name exactly.[0m
[33m       Deprecation: A call to '{% post_url 2017-01-04-The-Will-of-God %}' did not match a post using the new matching method of checking name (path-date-slug) equality. Please make sure that you change this tag to match the post's name exactly.[0m
[33m       Deprecation: A call to '{% post_url 2018-06-16-7-Days-Until-Christ-Returns-Viet %}' did not match a post using the new matching method of checking name (path-date-slug) equality. Please make sure that you change this tag to match the post's name exactly.[0m
[33m       Deprecation: A call to '{% post_url 2017-02-09-Parable-Ten-Virgins %}' did not match a post using the new matching method of checking name (path-date-slug) equality. Please make sure that you change this tag to match the post's name exactly.[0m
[33m       Deprecation: A call to '{% post_url 2017-01-04-The-Will-of-God %}' did not match a post using the new matching method of checking name (path-date-slug) equality. Please make sure that you change this tag to match the post's name exactly.[0m
[33m       Deprecation: A call to '{% post_url 2018-05-08-The-Old-and-the-New-Viet %}' did not match a post using the new matching method of checking name (path-date-slug) equality. Please make sure that you change this tag to match the post's name exactly.[0m

Filename                                          | Count |     Bytes |  Time
--------------------------------------------------+-------+-----------+------
_layouts/article.html                             |   154 |  4972.86K | 2.004
_layouts/default.html                             |   286 | 14132.06K | 1.425
_layouts/tag_index.html                           |   114 |  1023.92K | 1.181
_includes/masthead.html                           |   286 |  1089.19K | 0.931
_includes/archive__item.html                      |   122 |   560.52K | 0.805
_includes/feed/entry.xml                          |     2 |   415.78K | 0.383
_includes/sharing-meta.html                       |   286 |   229.34K | 0.348
sitemap.xml                                       |     1 |    25.88K | 0.340
_includes/related.html                            |   117 |   325.76K | 0.322
_includes/post__comments.html                     |   154 |   515.31K | 0.234
atom.xml                                          |     1 |   261.69K | 0.234
_includes/post__social.html                       |   154 |   106.96K | 0.215
_includes/page__hero.html                         |   285 |    19.70K | 0.162
_layouts/archive.html                             |    17 |   460.05K | 0.159
articles-feed.xml                                 |     1 |   155.80K | 0.155
_includes/post__taxonomy.html                     |   134 |    49.34K | 0.109
_includes/scripts.html                            |   286 |   456.92K | 0.083
_includes/colophon.html                           |   285 |   217.09K | 0.077
_pages/viet-articles.md                           |     1 |    48.55K | 0.070
_pages/home.md                                    |     1 |    45.82K | 0.063
_includes/breadcrumbs.html                        |   285 |    80.25K | 0.062
_includes/ad.html                                 |   279 |    63.84K | 0.047
_includes/post__author.html                       |   152 |    68.43K | 0.044
_includes/featured.html                           |     8 |    23.05K | 0.043
_includes/loadcss.html                            |   286 |  1281.41K | 0.036
articles-viet/page2/index.html                    |     1 |    25.58K | 0.033
articles-viet/index.html                          |     1 |    23.69K | 0.031
page2/index.html                                  |     1 |    22.43K | 0.029
_includes/critical-archive.css                    |   285 |  3109.39K | 0.028
_includes/comment.html                            |     8 |    40.40K | 0.026
_includes/feed/footer.xml                         |     2 |     9.68K | 0.023
index.html                                        |     1 |    22.30K | 0.022
_includes/bible-study/meditations                 |    40 |   168.75K | 0.019
_pages/style-guide.md                             |     1 |    74.20K | 0.018
_includes/archive__tiles.html                     |     4 |     7.05K | 0.017
_includes/icons.svg                               |   286 |  1493.12K | 0.016
_includes/component.html                          |     1 |    65.81K | 0.014
_posts/bible-studies-Viet/2015-01-16-Ga-la-ti.md  |     1 |     4.34K | 0.012
_includes/toc.html                                |   136 |    36.66K | 0.010
_posts/bible-studies-Viet/2015-01-17-Ro-ma.md     |     1 |    10.33K | 0.010
_posts/bible-studies/2015-01-17-Romans.md         |     1 |     8.00K | 0.009
_includes/browser-upgrade.html                    |   285 |    59.84K | 0.008
_pages/sitemap.md                                 |     1 |    19.52K | 0.008
_includes/bible-study/suy-gam                     |    16 |    71.47K | 0.007
page3/index.html                                  |     1 |     7.02K | 0.006
_posts/bible-studies/2015-01-16-Galatians.md      |     1 |     3.09K | 0.005
articles-viet/page3/index.html                    |     1 |     5.29K | 0.005
_includes/bible-study/bible-study-footer          |   148 |   110.42K | 0.005
_pages/tag.md                                     |     1 |    18.19K | 0.004
_posts/articles/2018-05-08-The-Old-and-the-New.md |     1 |     9.05K | 0.004

 
                    done in 11.634 seconds.
 Auto-regeneration: disabled. Use --watch to enable.
[10:16:05] Finished 'site' after 13 s
[10:16:05] Starting 'copy:site'...
[10:16:05] Finished 'copy:site' after 266 ms
[10:16:05] Finished 'build:site' after 13 s
[10:16:05] Starting 'html'...
[10:16:06] Finished 'html' after 122 ms
[10:16:06] Finished 'build' after 14 s
